0 info it worked if it ends with ok
1 verbose cli [ '/usr/local/bin/node',
1 verbose cli   '/usr/local/bin/npm',
1 verbose cli   'install',
1 verbose cli   '-g',
1 verbose cli   'cordova' ]
2 info using npm@2.15.1
3 info using node@v4.4.4
4 verbose install initial load of /usr/local/lib/package.json
5 verbose readDependencies loading dependencies from /usr/local/lib/package.json
6 silly cache add args [ 'cordova', null ]
7 verbose cache add spec cordova
8 silly cache add parsed spec Result {
8 silly cache add   raw: 'cordova',
8 silly cache add   scope: null,
8 silly cache add   name: 'cordova',
8 silly cache add   rawSpec: '',
8 silly cache add   spec: 'latest',
8 silly cache add   type: 'tag' }
9 silly addNamed cordova@latest
10 verbose addNamed "latest" is being treated as a dist-tag for cordova
11 info addNameTag [ 'cordova', 'latest' ]
12 silly mapToRegistry name cordova
13 silly mapToRegistry using default registry
14 silly mapToRegistry registry https://registry.npmjs.org/
15 silly mapToRegistry data Result {
15 silly mapToRegistry   raw: 'cordova',
15 silly mapToRegistry   scope: null,
15 silly mapToRegistry   name: 'cordova',
15 silly mapToRegistry   rawSpec: '',
15 silly mapToRegistry   spec: 'latest',
15 silly mapToRegistry   type: 'tag' }
16 silly mapToRegistry uri https://registry.npmjs.org/cordova
17 verbose addNameTag registry:https://registry.npmjs.org/cordova not in flight; fetching
18 verbose request uri https://registry.npmjs.org/cordova
19 verbose request no auth needed
20 info attempt registry request try #1 at 12:05:40 PM
21 verbose request id 646a898f967259df
22 verbose etag "4SYEYW4PF9Z0F6AMTIL8G4VQC"
23 http request GET https://registry.npmjs.org/cordova
24 http 200 https://registry.npmjs.org/cordova
25 verbose headers { server: 'CouchDB/1.5.0 (Erlang OTP/R16B03)',
25 verbose headers   etag: '"48NQHRUIQH9ZTDRFTRMC28DTN"',
25 verbose headers   'content-type': 'application/json',
25 verbose headers   'content-encoding': 'gzip',
25 verbose headers   'cache-control': 'max-age=300',
25 verbose headers   'content-length': '37092',
25 verbose headers   'accept-ranges': 'bytes',
25 verbose headers   date: 'Fri, 24 Jun 2016 09:05:41 GMT',
25 verbose headers   via: '1.1 varnish',
25 verbose headers   age: '100',
25 verbose headers   connection: 'keep-alive',
25 verbose headers   'x-served-by': 'cache-ams4135-AMS',
25 verbose headers   'x-cache': 'HIT',
25 verbose headers   'x-cache-hits': '1',
25 verbose headers   'x-timer': 'S1466759141.451239,VS0,VE0',
25 verbose headers   vary: 'Accept-Encoding' }
26 silly get cb [ 200,
26 silly get   { server: 'CouchDB/1.5.0 (Erlang OTP/R16B03)',
26 silly get     etag: '"48NQHRUIQH9ZTDRFTRMC28DTN"',
26 silly get     'content-type': 'application/json',
26 silly get     'content-encoding': 'gzip',
26 silly get     'cache-control': 'max-age=300',
26 silly get     'content-length': '37092',
26 silly get     'accept-ranges': 'bytes',
26 silly get     date: 'Fri, 24 Jun 2016 09:05:41 GMT',
26 silly get     via: '1.1 varnish',
26 silly get     age: '100',
26 silly get     connection: 'keep-alive',
26 silly get     'x-served-by': 'cache-ams4135-AMS',
26 silly get     'x-cache': 'HIT',
26 silly get     'x-cache-hits': '1',
26 silly get     'x-timer': 'S1466759141.451239,VS0,VE0',
26 silly get     vary: 'Accept-Encoding' } ]
27 verbose get saving cordova to /Users/macbook/.npm/registry.npmjs.org/cordova/.cache.json
28 verbose correctMkdir /Users/macbook/.npm correctMkdir not in flight; initializing
29 silly addNameTag next cb for cordova with tag latest
30 silly addNamed cordova@6.2.0
31 verbose addNamed "6.2.0" is a plain semver version for cordova
32 silly cache afterAdd cordova@6.2.0
33 verbose afterAdd /Users/macbook/.npm/cordova/6.2.0/package/package.json not in flight; writing
34 verbose correctMkdir /Users/macbook/.npm correctMkdir not in flight; initializing
35 verbose afterAdd /Users/macbook/.npm/cordova/6.2.0/package/package.json written
36 silly install resolved [ { name: 'cordova',
36 silly install resolved     version: '6.2.0',
36 silly install resolved     preferGlobal: 'true',
36 silly install resolved     description: 'Cordova command line interface tool',
36 silly install resolved     main: 'cordova',
36 silly install resolved     engines: { node: '>=0.9.9' },
36 silly install resolved     engineStrict: true,
36 silly install resolved     bin: { cordova: './bin/cordova' },
36 silly install resolved     scripts:
36 silly install resolved      { test: 'node node_modules/jasmine-node/bin/jasmine-node --captureExceptions --color spec',
36 silly install resolved        cover: 'node node_modules/istanbul/lib/cli.js cover --root src --print detail node_modules/jasmine-node/bin/jasmine-node -- spec' },
36 silly install resolved     repository:
36 silly install resolved      { type: 'git',
36 silly install resolved        url: 'https://git-wip-us.apache.org/repos/asf/cordova-cli.git' },
36 silly install resolved     bugs:
36 silly install resolved      { url: 'https://issues.apache.org/jira/browse/CB',
36 silly install resolved        email: 'dev@cordova.apache.org' },
36 silly install resolved     keywords: [ 'cordova', 'client', 'cli' ],
36 silly install resolved     dependencies:
36 silly install resolved      { 'cordova-lib': '6.2.0',
36 silly install resolved        'cordova-common': '1.3.x',
36 silly install resolved        q: '1.0.1',
36 silly install resolved        nopt: '3.0.1',
36 silly install resolved        underscore: '1.7.0',
36 silly install resolved        'update-notifier': '^0.5.0',
36 silly install resolved        insight: '~0.8.2' },
36 silly install resolved     devDependencies:
36 silly install resolved      { istanbul: '^0.3.4',
36 silly install resolved        grunt: '0.4.5',
36 silly install resolved        'grunt-retire': '0.3.7',
36 silly install resolved        'jasmine-node': '1.14.5' },
36 silly install resolved     author: { name: 'Anis Kadri' },
36 silly install resolved     contributors:
36 silly install resolved      [ [Object],
36 silly install resolved        [Object],
36 silly install resolved        [Object],
36 silly install resolved        [Object],
36 silly install resolved        [Object],
36 silly install resolved        [Object],
36 silly install resolved        [Object],
36 silly install resolved        [Object],
36 silly install resolved        [Object],
36 silly install resolved        [Object],
36 silly install resolved        [Object],
36 silly install resolved        [Object],
36 silly install resolved        [Object],
36 silly install resolved        [Object],
36 silly install resolved        [Object],
36 silly install resolved        [Object],
36 silly install resolved        [Object],
36 silly install resolved        [Object],
36 silly install resolved        [Object],
36 silly install resolved        [Object],
36 silly install resolved        [Object],
36 silly install resolved        [Object],
36 silly install resolved        [Object],
36 silly install resolved        [Object] ],
36 silly install resolved     license: 'Apache-2.0',
36 silly install resolved     _id: 'cordova@6.2.0',
36 silly install resolved     _shasum: '8442ec6f4d4440bc124713d32139d78efa1b72ce',
36 silly install resolved     _resolved: 'https://registry.npmjs.org/cordova/-/cordova-6.2.0.tgz',
36 silly install resolved     _from: 'cordova@latest',
36 silly install resolved     _npmVersion: '3.9.0',
36 silly install resolved     _nodeVersion: '5.4.1',
36 silly install resolved     _npmUser: { name: 'stevegill', email: 'stevengill97@gmail.com' },
36 silly install resolved     dist:
36 silly install resolved      { shasum: '8442ec6f4d4440bc124713d32139d78efa1b72ce',
36 silly install resolved        tarball: 'https://registry.npmjs.org/cordova/-/cordova-6.2.0.tgz' },
36 silly install resolved     maintainers:
36 silly install resolved      [ [Object],
36 silly install resolved        [Object],
36 silly install resolved        [Object],
36 silly install resolved        [Object],
36 silly install resolved        [Object],
36 silly install resolved        [Object],
36 silly install resolved        [Object],
36 silly install resolved        [Object],
36 silly install resolved        [Object],
36 silly install resolved        [Object],
36 silly install resolved        [Object],
36 silly install resolved        [Object],
36 silly install resolved        [Object],
36 silly install resolved        [Object],
36 silly install resolved        [Object],
36 silly install resolved        [Object],
36 silly install resolved        [Object],
36 silly install resolved        [Object] ],
36 silly install resolved     _npmOperationalInternal:
36 silly install resolved      { host: 'packages-12-west.internal.npmjs.com',
36 silly install resolved        tmp: 'tmp/cordova-6.2.0.tgz_1464130173210_0.7832138144876808' },
36 silly install resolved     directories: {},
36 silly install resolved     readme: 'ERROR: No README data found!' } ]
37 info install cordova@6.2.0 into /usr/local/lib
38 info installOne cordova@6.2.0
39 verbose installOne of cordova to /usr/local/lib not in flight; installing
40 verbose correctMkdir /Users/macbook/.npm/_locks correctMkdir not in flight; initializing
41 verbose lock using /Users/macbook/.npm/_locks/cordova-fa12e2e096426a32.lock for /usr/local/lib/node_modules/cordova
42 silly install write writing cordova 6.2.0 to /usr/local/lib/node_modules/cordova
43 verbose unbuild lib/node_modules/cordova
44 info preuninstall cordova@6.2.0
45 info uninstall cordova@6.2.0
46 verbose unbuild rmStuff cordova@6.2.0 from /usr/local/lib/node_modules
47 silly gentlyRm /usr/local/bin/cordova is being gently removed
48 silly gentlyRm verifying /usr/local is an npm working directory
49 silly gentlyRm containing path /usr/local is under npm's control, in /usr/local
50 silly gentlyRm deletion target /usr/local/bin/cordova is under /usr/local
51 verbose gentlyRm vacuuming from /usr/local/bin/cordova up to /usr/local
52 silly vacuum-fs removing /usr/local/bin/cordova
53 verbose unlock done using /Users/macbook/.npm/_locks/cordova-fa12e2e096426a32.lock for /usr/local/lib/node_modules/cordova
54 verbose stack Error: EACCES: permission denied, unlink '/usr/local/bin/cordova'
54 verbose stack     at Error (native)
55 verbose cwd /Applications/XAMPP/xamppfiles/htdocs/rms
56 error Darwin 14.5.0
57 error argv "/usr/local/bin/node" "/usr/local/bin/npm" "install" "-g" "cordova"
58 error node v4.4.4
59 error npm  v2.15.1
60 error path /usr/local/bin/cordova
61 error code EACCES
62 error errno -13
63 error syscall unlink
64 error Error: EACCES: permission denied, unlink '/usr/local/bin/cordova'
64 error     at Error (native)
64 error  { [Error: EACCES: permission denied, unlink '/usr/local/bin/cordova']
64 error   errno: -13,
64 error   code: 'EACCES',
64 error   syscall: 'unlink',
64 error   path: '/usr/local/bin/cordova' }
65 error Please try running this command again as root/Administrator.
66 verbose exit [ -13, true ]
67 verbose unbuild lib/node_modules/cordova
68 info preuninstall cordova@6.2.0
69 info uninstall cordova@6.2.0
70 verbose unbuild rmStuff cordova@6.2.0 from /usr/local/lib/node_modules
71 silly gentlyRm /usr/local/bin/cordova is being gently removed
72 silly gentlyRm verifying /usr/local is an npm working directory
73 silly gentlyRm containing path /usr/local is under npm's control, in /usr/local
74 silly gentlyRm deletion target /usr/local/bin/cordova is under /usr/local
75 verbose gentlyRm vacuuming from /usr/local/bin/cordova up to /usr/local
76 silly vacuum-fs removing /usr/local/bin/cordova
77 error error rolling back Error: EACCES: permission denied, unlink '/usr/local/bin/cordova'
77 error error rolling back     at Error (native)
77 error error rolling back  { [Error: EACCES: permission denied, unlink '/usr/local/bin/cordova']
77 error error rolling back   errno: -13,
77 error error rolling back   code: 'EACCES',
77 error error rolling back   syscall: 'unlink',
77 error error rolling back   path: '/usr/local/bin/cordova' }
